<?xml version="1.0" encoding="UTF-8"?>
<!-- Generated by org.testng.reporters.JUnitReportReporter -->
<testsuite hostname="LAPTOP-SBSE2B7E" failures="0" tests="1" name="test.com.StudentTest" time="0.005" errors="0" timestamp="9 Nov 2022 06:13:23 GMT">
  <testcase classname="test.com.StudentTest" name="testName" time="0.005"/>
</testsuite> <!-- test.com.StudentTest -->
